2017-09-28 03:04:03,468 Feature.py[line:36] INFO /mnt/hgfs/UbunutWin/corpus/text_classification_fudan_test/C11-Space/C11-Space0999.txt : codetype None
2017-09-28 03:04:03,512 Feature.py[line:36] INFO /mnt/hgfs/UbunutWin/corpus/text_classification_fudan_test/C11-Space/C11-Space1003.txt : codetype None
2017-09-28 03:04:03,544 Feature.py[line:36] INFO /mnt/hgfs/UbunutWin/corpus/text_classification_fudan_test/C11-Space/C11-Space1007.txt : codetype None
2017-09-28 03:05:19,673 Feature.py[line:36] INFO /mnt/hgfs/UbunutWin/corpus/text_classification_fudan_test/C19-Computer/C19-Computer1180.txt : codetype None
2017-09-28 03:05:21,198 Feature.py[line:36] INFO /mnt/hgfs/UbunutWin/corpus/text_classification_fudan_test/C19-Computer/C19-Computer1256.txt : codetype None
2017-09-28 03:06:54,156 Feature.py[line:36] INFO /mnt/hgfs/UbunutWin/corpus/text_classification_fudan_test/C23-Mine/C23-Mine51.txt : codetype None
2017-09-28 03:07:19,755 Feature.py[line:36] INFO /mnt/hgfs/UbunutWin/corpus/text_classification_fudan_test/C3-Art/C3-Art0222.txt : codetype None
2017-09-28 03:07:20,403 Feature.py[line:36] INFO /mnt/hgfs/UbunutWin/corpus/text_classification_fudan_test/C3-Art/C3-Art0228.txt : codetype None
2017-09-28 03:07:20,879 Feature.py[line:36] INFO /mnt/hgfs/UbunutWin/corpus/text_classification_fudan_test/C3-Art/C3-Art0234.txt : codetype None
2017-09-28 03:07:21,283 Feature.py[line:36] INFO /mnt/hgfs/UbunutWin/corpus/text_classification_fudan_test/C3-Art/C3-Art0238.txt : codetype None
2017-09-28 03:07:50,816 Feature.py[line:36] INFO /mnt/hgfs/UbunutWin/corpus/text_classification_fudan_test/C3-Art/C3-Art0560.txt : codetype None
2017-09-28 03:08:32,688 Feature.py[line:36] INFO /mnt/hgfs/UbunutWin/corpus/text_classification_fudan_test/C3-Art/C3-Art1043.txt : codetype None
2017-09-28 03:08:34,426 Feature.py[line:36] INFO /mnt/hgfs/UbunutWin/corpus/text_classification_fudan_test/C3-Art/C3-Art1067.txt : codetype None
2017-09-28 03:08:35,568 Feature.py[line:36] INFO /mnt/hgfs/UbunutWin/corpus/text_classification_fudan_test/C3-Art/C3-Art1079.txt : codetype None
2017-09-28 03:08:38,115 Feature.py[line:36] INFO /mnt/hgfs/UbunutWin/corpus/text_classification_fudan_test/C3-Art/C3-Art1112.txt : codetype None
2017-09-28 03:08:47,541 Feature.py[line:36] INFO /mnt/hgfs/UbunutWin/corpus/text_classification_fudan_test/C3-Art/C3-Art1207.txt : codetype None
2017-09-28 03:08:47,755 Feature.py[line:36] INFO /mnt/hgfs/UbunutWin/corpus/text_classification_fudan_test/C3-Art/C3-Art1211.txt : codetype None
2017-09-28 03:11:44,697 Feature.py[line:36] INFO /mnt/hgfs/UbunutWin/corpus/text_classification_fudan_test/C32-Agriculture/C32-Agriculture0402.txt : codetype None
2017-09-28 03:12:09,273 Feature.py[line:36] INFO /mnt/hgfs/UbunutWin/corpus/text_classification_fudan_test/C32-Agriculture/C32-Agriculture0682.txt : codetype None
2017-09-28 03:12:17,351 Feature.py[line:36] INFO /mnt/hgfs/UbunutWin/corpus/text_classification_fudan_test/C32-Agriculture/C32-Agriculture0770.txt : codetype None
2017-09-28 03:12:44,068 Feature.py[line:36] INFO /mnt/hgfs/UbunutWin/corpus/text_classification_fudan_test/C32-Agriculture/C32-Agriculture1223.txt : codetype None
2017-09-28 03:12:46,779 Feature.py[line:36] INFO /mnt/hgfs/UbunutWin/corpus/text_classification_fudan_test/C32-Agriculture/C32-Agriculture1258.txt : codetype None
2017-09-28 03:12:46,835 Feature.py[line:36] INFO /mnt/hgfs/UbunutWin/corpus/text_classification_fudan_test/C32-Agriculture/C32-Agriculture1260.txt : codetype None
2017-09-28 03:12:56,878 Feature.py[line:36] INFO /mnt/hgfs/UbunutWin/corpus/text_classification_fudan_test/C32-Agriculture/C32-Agriculture1389.txt : codetype None
2017-09-28 03:13:28,719 Feature.py[line:36] INFO /mnt/hgfs/UbunutWin/corpus/text_classification_fudan_test/C34-Economy/C34-Economy0083.txt : codetype None
2017-09-28 03:13:39,874 Feature.py[line:36] INFO /mnt/hgfs/UbunutWin/corpus/text_classification_fudan_test/C34-Economy/C34-Economy0234.txt : codetype None
2017-09-28 03:13:44,258 Feature.py[line:36] INFO /mnt/hgfs/UbunutWin/corpus/text_classification_fudan_test/C34-Economy/C34-Economy0309.txt : codetype None
2017-09-28 03:15:22,628 Feature.py[line:36] INFO /mnt/hgfs/UbunutWin/corpus/text_classification_fudan_test/C34-Economy/C34-Economy1476.txt : codetype None
2017-09-28 03:15:23,152 Feature.py[line:36] INFO /mnt/hgfs/UbunutWin/corpus/text_classification_fudan_test/C34-Economy/C34-Economy1482.txt : codetype None
2017-09-28 03:16:25,089 Feature.py[line:36] INFO /mnt/hgfs/UbunutWin/corpus/text_classification_fudan_test/C34-Economy/C34-Economy2181.txt : codetype None
2017-09-28 03:17:11,489 Feature.py[line:36] INFO /mnt/hgfs/UbunutWin/corpus/text_classification_fudan_test/C34-Economy/C34-Economy2837.txt : codetype None
2017-09-28 03:17:25,212 Feature.py[line:36] INFO /mnt/hgfs/UbunutWin/corpus/text_classification_fudan_test/C35-Law/C35-Law056.txt : codetype None
2017-09-28 03:17:25,244 Feature.py[line:36] INFO /mnt/hgfs/UbunutWin/corpus/text_classification_fudan_test/C35-Law/C35-Law058.txt : codetype None
2017-09-28 03:17:25,319 Feature.py[line:36] INFO /mnt/hgfs/UbunutWin/corpus/text_classification_fudan_test/C35-Law/C35-Law060.txt : codetype None
2017-09-28 03:17:25,401 Feature.py[line:36] INFO /mnt/hgfs/UbunutWin/corpus/text_classification_fudan_test/C35-Law/C35-Law062.txt : codetype None
2017-09-28 03:17:25,436 Feature.py[line:36] INFO /mnt/hgfs/UbunutWin/corpus/text_classification_fudan_test/C35-Law/C35-Law064.txt : codetype None
2017-09-28 03:17:25,481 Feature.py[line:36] INFO /mnt/hgfs/UbunutWin/corpus/text_classification_fudan_test/C35-Law/C35-Law066.txt : codetype None
2017-09-28 03:17:25,556 Feature.py[line:36] INFO /mnt/hgfs/UbunutWin/corpus/text_classification_fudan_test/C35-Law/C35-Law068.txt : codetype None
2017-09-28 03:17:25,612 Feature.py[line:36] INFO /mnt/hgfs/UbunutWin/corpus/text_classification_fudan_test/C35-Law/C35-Law071.txt : codetype None
2017-09-28 03:17:25,664 Feature.py[line:36] INFO /mnt/hgfs/UbunutWin/corpus/text_classification_fudan_test/C35-Law/C35-Law073.txt : codetype None
2017-09-28 03:17:25,699 Feature.py[line:36] INFO /mnt/hgfs/UbunutWin/corpus/text_classification_fudan_test/C35-Law/C35-Law075.txt : codetype None
2017-09-28 03:17:25,747 Feature.py[line:36] INFO /mnt/hgfs/UbunutWin/corpus/text_classification_fudan_test/C35-Law/C35-Law077.txt : codetype None
2017-09-28 03:17:25,810 Feature.py[line:36] INFO /mnt/hgfs/UbunutWin/corpus/text_classification_fudan_test/C35-Law/C35-Law079.txt : codetype None
2017-09-28 03:17:25,860 Feature.py[line:36] INFO /mnt/hgfs/UbunutWin/corpus/text_classification_fudan_test/C35-Law/C35-Law081.txt : codetype None
2017-09-28 03:17:25,896 Feature.py[line:36] INFO /mnt/hgfs/UbunutWin/corpus/text_classification_fudan_test/C35-Law/C35-Law083.txt : codetype None
2017-09-28 03:17:25,934 Feature.py[line:36] INFO /mnt/hgfs/UbunutWin/corpus/text_classification_fudan_test/C35-Law/C35-Law085.txt : codetype None
2017-09-28 03:17:25,979 Feature.py[line:36] INFO /mnt/hgfs/UbunutWin/corpus/text_classification_fudan_test/C35-Law/C35-Law087.txt : codetype None
2017-09-28 03:17:26,043 Feature.py[line:36] INFO /mnt/hgfs/UbunutWin/corpus/text_classification_fudan_test/C35-Law/C35-Law089.txt : codetype None
2017-09-28 03:17:26,104 Feature.py[line:36] INFO /mnt/hgfs/UbunutWin/corpus/text_classification_fudan_test/C35-Law/C35-Law091.txt : codetype None
2017-09-28 03:17:26,155 Feature.py[line:36] INFO /mnt/hgfs/UbunutWin/corpus/text_classification_fudan_test/C35-Law/C35-Law093.txt : codetype None
2017-09-28 03:17:26,186 Feature.py[line:36] INFO /mnt/hgfs/UbunutWin/corpus/text_classification_fudan_test/C35-Law/C35-Law095.txt : codetype None
2017-09-28 03:17:26,230 Feature.py[line:36] INFO /mnt/hgfs/UbunutWin/corpus/text_classification_fudan_test/C35-Law/C35-Law097.txt : codetype None
2017-09-28 03:17:26,286 Feature.py[line:36] INFO /mnt/hgfs/UbunutWin/corpus/text_classification_fudan_test/C35-Law/C35-Law099.txt : codetype None
2017-09-28 03:17:26,334 Feature.py[line:36] INFO /mnt/hgfs/UbunutWin/corpus/text_classification_fudan_test/C35-Law/C35-Law101.txt : codetype None
2017-09-28 03:17:26,380 Feature.py[line:36] INFO /mnt/hgfs/UbunutWin/corpus/text_classification_fudan_test/C35-Law/C35-Law103.txt : codetype None
2017-09-28 03:17:27,992 Feature.py[line:36] INFO /mnt/hgfs/UbunutWin/corpus/text_classification_fudan_test/C37-Military/C37-Military001.txt : codetype None
2017-09-28 03:17:28,033 Feature.py[line:36] INFO /mnt/hgfs/UbunutWin/corpus/text_classification_fudan_test/C37-Military/C37-Military003.txt : codetype None
2017-09-28 03:17:28,156 Feature.py[line:36] INFO /mnt/hgfs/UbunutWin/corpus/text_classification_fudan_test/C37-Military/C37-Military006.txt : codetype None
2017-09-28 03:17:28,233 Feature.py[line:36] INFO /mnt/hgfs/UbunutWin/corpus/text_classification_fudan_test/C37-Military/C37-Military008.txt : codetype None
2017-09-28 03:17:28,300 Feature.py[line:36] INFO /mnt/hgfs/UbunutWin/corpus/text_classification_fudan_test/C37-Military/C37-Military010.txt : codetype None
2017-09-28 03:17:43,064 Feature.py[line:36] INFO /mnt/hgfs/UbunutWin/corpus/text_classification_fudan_test/C38-Politics/C38-Politics0209.txt : codetype None
2017-09-28 03:18:44,506 Feature.py[line:36] INFO /mnt/hgfs/UbunutWin/corpus/text_classification_fudan_test/C38-Politics/C38-Politics0861.txt : codetype None
2017-09-28 03:18:45,407 Feature.py[line:36] INFO /mnt/hgfs/UbunutWin/corpus/text_classification_fudan_test/C38-Politics/C38-Politics0871.txt : codetype None
2017-09-28 03:18:55,528 Feature.py[line:36] INFO /mnt/hgfs/UbunutWin/corpus/text_classification_fudan_test/C38-Politics/C38-Politics0979.txt : codetype None
2017-09-28 03:19:00,434 Feature.py[line:36] INFO /mnt/hgfs/UbunutWin/corpus/text_classification_fudan_test/C38-Politics/C38-Politics1041.txt : codetype None
2017-09-28 03:19:10,084 Feature.py[line:36] INFO /mnt/hgfs/UbunutWin/corpus/text_classification_fudan_test/C38-Politics/C38-Politics1169.txt : codetype None
2017-09-28 03:19:12,440 Feature.py[line:36] INFO /mnt/hgfs/UbunutWin/corpus/text_classification_fudan_test/C38-Politics/C38-Politics1193.txt : codetype None
2017-09-28 03:19:12,618 Feature.py[line:36] INFO /mnt/hgfs/UbunutWin/corpus/text_classification_fudan_test/C38-Politics/C38-Politics1195.txt : codetype None
2017-09-28 03:19:49,836 Feature.py[line:36] INFO /mnt/hgfs/UbunutWin/corpus/text_classification_fudan_test/C39-Sports/C39-Sports0186.txt : codetype None
2017-09-28 03:19:58,315 Feature.py[line:36] INFO /mnt/hgfs/UbunutWin/corpus/text_classification_fudan_test/C39-Sports/C39-Sports0322.txt : codetype None
2017-09-28 03:20:18,128 Feature.py[line:36] INFO /mnt/hgfs/UbunutWin/corpus/text_classification_fudan_test/C39-Sports/C39-Sports0628.txt : codetype None
2017-09-28 03:20:23,598 Feature.py[line:36] INFO /mnt/hgfs/UbunutWin/corpus/text_classification_fudan_test/C39-Sports/C39-Sports0711.txt : codetype None
2017-09-28 03:20:24,304 Feature.py[line:36] INFO /mnt/hgfs/UbunutWin/corpus/text_classification_fudan_test/C39-Sports/C39-Sports0725.txt : codetype None
2017-09-28 03:20:24,561 Feature.py[line:36] INFO /mnt/hgfs/UbunutWin/corpus/text_classification_fudan_test/C39-Sports/C39-Sports0731.txt : codetype None
2017-09-28 03:20:24,680 Feature.py[line:36] INFO /mnt/hgfs/UbunutWin/corpus/text_classification_fudan_test/C39-Sports/C39-Sports0733.txt : codetype None
2017-09-28 03:20:25,674 Feature.py[line:36] INFO /mnt/hgfs/UbunutWin/corpus/text_classification_fudan_test/C39-Sports/C39-Sports0753.txt : codetype None
2017-09-28 03:20:25,752 Feature.py[line:36] INFO /mnt/hgfs/UbunutWin/corpus/text_classification_fudan_test/C39-Sports/C39-Sports0755.txt : codetype None
2017-09-28 03:20:31,164 Feature.py[line:36] INFO /mnt/hgfs/UbunutWin/corpus/text_classification_fudan_test/C39-Sports/C39-Sports0833.txt : codetype None
2017-09-28 03:20:31,694 Feature.py[line:36] INFO /mnt/hgfs/UbunutWin/corpus/text_classification_fudan_test/C39-Sports/C39-Sports0843.txt : codetype None
2017-09-28 03:20:39,689 Feature.py[line:36] INFO /mnt/hgfs/UbunutWin/corpus/text_classification_fudan_test/C39-Sports/C39-Sports0950.txt : codetype None
2017-09-28 03:21:00,611 Feature.py[line:36] INFO /mnt/hgfs/UbunutWin/corpus/text_classification_fudan_test/C39-Sports/C39-Sports1285.txt : codetype None
2017-09-28 03:21:03,645 Feature.py[line:36] INFO /mnt/hgfs/UbunutWin/corpus/text_classification_fudan_test/C39-Sports/C39-Sports1330.txt : codetype None
2017-09-28 03:21:08,186 Feature.py[line:36] INFO /mnt/hgfs/UbunutWin/corpus/text_classification_fudan_test/C39-Sports/C39-Sports1391.txt : codetype None
2017-09-28 03:21:17,007 Feature.py[line:36] INFO /mnt/hgfs/UbunutWin/corpus/text_classification_fudan_test/C39-Sports/C39-Sports1512.txt : codetype None
2017-09-28 03:21:17,415 Feature.py[line:36] INFO /mnt/hgfs/UbunutWin/corpus/text_classification_fudan_test/C39-Sports/C39-Sports1518.txt : codetype None
2017-09-28 03:21:17,562 Feature.py[line:36] INFO /mnt/hgfs/UbunutWin/corpus/text_classification_fudan_test/C39-Sports/C39-Sports1520.txt : codetype None
2017-09-28 03:21:19,816 Feature.py[line:36] INFO /mnt/hgfs/UbunutWin/corpus/text_classification_fudan_test/C39-Sports/C39-Sports1554.txt : codetype None
2017-09-28 03:21:55,896 Feature.py[line:36] INFO /mnt/hgfs/UbunutWin/corpus/text_classification_fudan_test/C5-Education/C5-Education020.txt : codetype None
2017-09-28 03:21:58,543 Feature.py[line:36] INFO /mnt/hgfs/UbunutWin/corpus/text_classification_fudan_test/C6-Philosophy/C6-Philosophy08.txt : codetype None
2017-09-28 03:21:58,730 Feature.py[line:36] INFO /mnt/hgfs/UbunutWin/corpus/text_classification_fudan_test/C6-Philosophy/C6-Philosophy16.txt : codetype None
2017-09-28 03:22:07,183 Feature.py[line:36] INFO /mnt/hgfs/UbunutWin/corpus/text_classification_fudan_test/C7-History/C7-History068.txt : codetype None
2017-09-28 03:22:35,625 Feature.py[line:36] INFO /mnt/hgfs/UbunutWin/corpus/text_classification_fudan_test/C7-History/C7-History375.txt : codetype None
2017-09-28 03:22:38,144 Feature.py[line:36] INFO /mnt/hgfs/UbunutWin/corpus/text_classification_fudan_test/C7-History/C7-History400.txt : codetype None
2017-09-28 03:22:41,058 Feature.py[line:36] INFO /mnt/hgfs/UbunutWin/corpus/text_classification_fudan_test/C7-History/C7-History428.txt : codetype None
2017-09-28 03:22:49,421 Feature.py[line:36] INFO /mnt/hgfs/UbunutWin/corpus/text_classification_fudan_test/C7-History/C7-History516.txt : codetype None
2017-09-28 03:22:52,708 Feature.py[line:36] INFO /mnt/hgfs/UbunutWin/corpus/text_classification_fudan_test/C7-History/C7-History557.txt : codetype None
2017-09-28 03:22:58,350 Feature.py[line:36] INFO /mnt/hgfs/UbunutWin/corpus/text_classification_fudan_test/C7-History/C7-History616.txt : codetype None
2017-09-28 03:22:58,692 Feature.py[line:36] INFO /mnt/hgfs/UbunutWin/corpus/text_classification_fudan_test/C7-History/C7-History620.txt : codetype None
2017-09-28 03:22:59,494 Feature.py[line:36] INFO /mnt/hgfs/UbunutWin/corpus/text_classification_fudan_test/C7-History/C7-History629.txt : codetype None
2017-09-28 03:23:00,838 Feature.py[line:36] INFO /mnt/hgfs/UbunutWin/corpus/text_classification_fudan_test/C7-History/C7-History649.txt : codetype None
2017-09-28 03:23:01,063 Feature.py[line:36] INFO /mnt/hgfs/UbunutWin/corpus/text_classification_fudan_test/C7-History/C7-History651.txt : codetype None
2017-09-28 03:23:01,250 Feature.py[line:36] INFO /mnt/hgfs/UbunutWin/corpus/text_classification_fudan_test/C7-History/C7-History653.txt : codetype None
2017-09-28 03:23:11,993 Feature.py[line:36] INFO /mnt/hgfs/UbunutWin/corpus/text_classification_fudan_test/C7-History/C7-History766.txt : codetype None
2017-09-28 03:23:16,009 Feature.py[line:36] INFO /mnt/hgfs/UbunutWin/corpus/text_classification_fudan_test/C7-History/C7-History808.txt : codetype None
