2017-10-08 20:41:22,318 classifyNewsBaseOnSVM.py[line:38] INFO LinearSVC
2017-10-08 20:41:29,568 classifyNewsBaseOnSVM.py[line:42] INFO Coefficients:[[  2.22851597e-01   2.38748688e-01   1.49791365e-01 ...,   0.00000000e+00
    0.00000000e+00   0.00000000e+00]
 [  1.03505623e-01  -1.51733773e-01  -1.88685691e-01 ...,   0.00000000e+00
    0.00000000e+00   0.00000000e+00]
 [ -1.28122625e-01  -5.86354551e-02   1.79579811e-02 ...,   0.00000000e+00
    0.00000000e+00   0.00000000e+00]
 ..., 
 [  1.35325476e-01  -9.34840549e-02  -2.11974248e-04 ...,   0.00000000e+00
    0.00000000e+00   0.00000000e+00]
 [  3.16626142e-02  -6.52950269e-02  -8.85471948e-02 ...,   0.00000000e+00
    0.00000000e+00   0.00000000e+00]
 [ -1.10412563e-01  -1.80168267e-01  -1.76974290e-03 ...,   0.00000000e+00
    0.00000000e+00   0.00000000e+00]], intercept [-1.06987583 -1.04889023 -0.75627512 -1.03552915 -0.98272099 -0.81676181
 -0.87349464 -0.84544457 -0.93624424 -0.79835904 -0.99146346 -0.87530688
 -0.74760756 -0.80462705 -0.85271552 -1.0039426  -0.95983675 -1.03923684
 -0.94488187 -0.99538207]
2017-10-08 20:41:29,618 classifyNewsBaseOnSVM.py[line:43] INFO Score: 0.74
2017-10-08 20:41:29,620 classifyNewsBaseOnSVM.py[line:30] INFO kernel:linear
2017-10-08 20:46:55,061 classifyNewsBaseOnSVM.py[line:40] INFO *****LinearSVC*****
2017-10-08 20:47:02,720 classifyNewsBaseOnSVM.py[line:45] INFO              precision    recall  f1-score   support

          0       0.58      0.64      0.61       166
          1       0.77      0.71      0.74       198
          2       0.52      0.57      0.55       178
          3       0.52      0.44      0.47        39
          4       0.49      0.39      0.44       110
          5       0.92      0.91      0.91       275
          6       0.79      0.86      0.83       265
          7       0.70      0.62      0.65       256
          8       0.81      0.86      0.84       246
          9       0.86      0.80      0.83       279
         10       0.62      0.67      0.64       143
         11       0.58      0.53      0.55       316
         12       0.75      0.74      0.74       445
         13       0.86      0.91      0.89       262
         14       0.93      0.93      0.93       257
         15       0.66      0.72      0.69       165
         16       0.61      0.62      0.62        74
         17       0.39      0.32      0.35        28
         18       0.71      0.82      0.76       136
         19       0.61      0.56      0.58        36

avg / total       0.74      0.74      0.73      3874

2017-10-08 20:47:02,763 classifyNewsBaseOnSVM.py[line:46] INFO Score: 0.74
2017-10-08 20:47:02,765 classifyNewsBaseOnSVM.py[line:31] INFO kernel:linear
2017-10-08 20:51:45,520 classifyNewsBaseOnSVM.py[line:35] INFO              precision    recall  f1-score   support

          0       0.57      0.71      0.63       166
          1       0.77      0.67      0.72       198
          2       0.40      0.67      0.50       178
          3       0.61      0.56      0.59        39
          4       0.47      0.42      0.44       110
          5       0.96      0.86      0.91       275
          6       0.79      0.84      0.82       265
          7       0.61      0.67      0.64       256
          8       0.83      0.81      0.82       246
          9       0.87      0.81      0.83       279
         10       0.60      0.62      0.61       143
         11       0.55      0.49      0.52       316
         12       0.76      0.65      0.70       445
         13       0.89      0.88      0.88       262
         14       0.95      0.88      0.91       257
         15       0.62      0.71      0.66       165
         16       0.60      0.62      0.61        74
         17       0.50      0.29      0.36        28
         18       0.73      0.76      0.75       136
         19       0.68      0.53      0.59        36

avg / total       0.73      0.72      0.72      3874

2017-10-08 20:52:52,684 classifyNewsBaseOnSVM.py[line:36] INFO Score: 0.72
2017-10-08 20:52:52,686 classifyNewsBaseOnSVM.py[line:31] INFO kernel:poly
2017-10-08 21:00:55,687 classifyNewsBaseOnSVM.py[line:35] INFO              precision    recall  f1-score   support

          0       0.00      0.00      0.00       166
          1       0.00      0.00      0.00       198
          2       0.00      0.00      0.00       178
          3       0.00      0.00      0.00        39
          4       0.00      0.00      0.00       110
          5       0.00      0.00      0.00       275
          6       0.00      0.00      0.00       265
          7       0.00      0.00      0.00       256
          8       0.00      0.00      0.00       246
          9       0.00      0.00      0.00       279
         10       0.00      0.00      0.00       143
         11       0.00      0.00      0.00       316
         12       0.00      0.00      0.00       445
         13       0.00      0.00      0.00       262
         14       0.00      0.00      0.00       257
         15       0.00      0.00      0.00       165
         16       0.00      0.00      0.00        74
         17       0.00      0.00      0.00        28
         18       0.04      1.00      0.07       136
         19       0.00      0.00      0.00        36

avg / total       0.00      0.04      0.00      3874

2017-10-08 21:02:20,112 classifyNewsBaseOnSVM.py[line:36] INFO Score: 0.04
2017-10-08 21:02:20,112 classifyNewsBaseOnSVM.py[line:31] INFO kernel:rbf
2017-10-08 21:05:12,566 classifyNewsBaseOnSVM.py[line:40] INFO *****LinearSVC*****
2017-10-08 21:05:20,433 classifyNewsBaseOnSVM.py[line:45] INFO              precision    recall  f1-score   support

          0       0.60      0.65      0.62       166
          1       0.76      0.74      0.75       198
          2       0.52      0.58      0.55       178
          3       0.45      0.49      0.47        39
          4       0.51      0.32      0.39       110
          5       0.93      0.94      0.93       275
          6       0.83      0.79      0.81       265
          7       0.67      0.68      0.67       256
          8       0.85      0.80      0.83       246
          9       0.86      0.84      0.85       279
         10       0.59      0.76      0.66       143
         11       0.59      0.55      0.57       316
         12       0.78      0.75      0.77       445
         13       0.85      0.89      0.87       262
         14       0.96      0.89      0.93       257
         15       0.61      0.72      0.66       165
         16       0.59      0.66      0.62        74
         17       0.24      0.21      0.23        28
         18       0.69      0.76      0.72       136
         19       0.41      0.31      0.35        36

avg / total       0.74      0.74      0.73      3874

2017-10-08 21:05:20,487 classifyNewsBaseOnSVM.py[line:46] INFO Score: 0.74
2017-10-08 21:05:20,491 classifyNewsBaseOnSVM.py[line:31] INFO kernel:rbf
2017-10-08 21:06:03,842 classifyNewsBaseOnSVM.py[line:31] INFO kernel:rbf
2017-10-08 21:14:46,013 classifyNewsBaseOnSVM.py[line:35] INFO              precision    recall  f1-score   support

          0       0.00      0.00      0.00       166
          1       0.00      0.00      0.00       198
          2       0.00      0.00      0.00       178
          3       0.00      0.00      0.00        39
          4       0.00      0.00      0.00       110
          5       0.00      0.00      0.00       275
          6       0.00      0.00      0.00       265
          7       0.00      0.00      0.00       256
          8       0.00      0.00      0.00       246
          9       0.00      0.00      0.00       279
         10       0.00      0.00      0.00       143
         11       0.00      0.00      0.00       316
         12       0.00      0.00      0.00       445
         13       0.00      0.00      0.00       262
         14       0.00      0.00      0.00       257
         15       0.00      0.00      0.00       165
         16       0.00      0.00      0.00        74
         17       0.00      0.00      0.00        28
         18       0.04      1.00      0.07       136
         19       0.00      0.00      0.00        36

avg / total       0.00      0.04      0.00      3874

2017-10-08 21:16:07,827 classifyNewsBaseOnSVM.py[line:36] INFO Score: 0.04
2017-10-08 21:16:07,828 classifyNewsBaseOnSVM.py[line:31] INFO kernel:linear
2017-10-08 21:20:56,061 classifyNewsBaseOnSVM.py[line:35] INFO              precision    recall  f1-score   support

          0       0.61      0.70      0.65       166
          1       0.76      0.73      0.74       198
          2       0.40      0.63      0.49       178
          3       0.66      0.54      0.59        39
          4       0.49      0.40      0.44       110
          5       0.97      0.91      0.94       275
          6       0.84      0.82      0.83       265
          7       0.60      0.62      0.61       256
          8       0.85      0.78      0.82       246
          9       0.86      0.85      0.86       279
         10       0.55      0.70      0.62       143
         11       0.59      0.48      0.53       316
         12       0.75      0.68      0.72       445
         13       0.89      0.85      0.87       262
         14       0.97      0.85      0.91       257
         15       0.57      0.74      0.65       165
         16       0.61      0.58      0.60        74
         17       0.35      0.21      0.27        28
         18       0.72      0.80      0.76       136
         19       0.78      0.58      0.67        36

avg / total       0.74      0.72      0.73      3874

2017-10-08 21:22:01,808 classifyNewsBaseOnSVM.py[line:36] INFO Score: 0.72
2017-10-08 21:22:01,809 classifyNewsBaseOnSVM.py[line:31] INFO kernel:sigmoid
2017-10-08 21:30:19,310 classifyNewsBaseOnSVM.py[line:35] INFO              precision    recall  f1-score   support

          0       0.00      0.00      0.00       166
          1       0.00      0.00      0.00       198
          2       0.00      0.00      0.00       178
          3       0.00      0.00      0.00        39
          4       0.00      0.00      0.00       110
          5       0.00      0.00      0.00       275
          6       0.00      0.00      0.00       265
          7       0.00      0.00      0.00       256
          8       0.00      0.00      0.00       246
          9       0.00      0.00      0.00       279
         10       0.00      0.00      0.00       143
         11       0.00      0.00      0.00       316
         12       0.00      0.00      0.00       445
         13       0.00      0.00      0.00       262
         14       0.00      0.00      0.00       257
         15       0.00      0.00      0.00       165
         16       0.00      0.00      0.00        74
         17       0.00      0.00      0.00        28
         18       0.04      1.00      0.07       136
         19       0.00      0.00      0.00        36

avg / total       0.00      0.04      0.00      3874

2017-10-08 21:31:41,473 classifyNewsBaseOnSVM.py[line:36] INFO Score: 0.04
